<?xml version="1.0" encoding="UTF-8"?>
<!-- Generated by org.testng.reporters.JUnitReportReporter -->
<testsuite skipped="0" hostname="Cheeku" name="Smoke_Testing.AUT" tests="1" failures="0" timestamp="23 Feb 2018 07:14:37 GMT" time="7.156" errors="0">
  <testcase name="get" time="7.156" classname="Smoke_Testing.AUT"/>
</testsuite> <!-- Smoke_Testing.AUT -->
