<?xml version="1.0" encoding="UTF-8"?>
<!-- Generated by org.testng.reporters.JUnitReportReporter -->
<testsuite skipped="0" hostname="Cheeku" name="Functional_Testing.Login_TS" tests="1" failures="0" timestamp="23 Feb 2018 07:28:43 GMT" time="6.516" errors="0">
  <testcase name="get" time="6.516" classname="Functional_Testing.Login_TS"/>
</testsuite> <!-- Functional_Testing.Login_TS -->
